<?xml version="1.0" encoding="UTF-8"?>
<!-- Generated by org.testng.reporters.JUnitReportReporter -->
<testsuite hostname="user-PC" name="Persistent.GUI_automation.NewTest" tests="1" failures="0" timestamp="6 Aug 2014 10:13:31 GMT" time="1.810" errors="0">
  <testcase name="firstTest" time="1.810" classname="Persistent.GUI_automation.NewTest"/>
</testsuite> <!-- Persistent.GUI_automation.NewTest -->
