<?xml version="1.0" encoding="UTF-8"?>
<!-- Generated by org.testng.reporters.JUnitReportReporter -->
<testsuite hostname="user-PC" name="Persistent.GUI_automation.AppTest" tests="1" failures="0" timestamp="5 Aug 2014 07:04:13 GMT" time="0.003" errors="0">
  <testcase name="testApp" time="0.003" classname="Persistent.GUI_automation.AppTest"/>
</testsuite> <!-- Persistent.GUI_automation.AppTest -->
