<?xml version="1.0" encoding="UTF-8"?>
<!-- Generated by org.testng.reporters.JUnitReportReporter -->
<testsuite hostname="user-PC" name="Persistent.GUI_automation.dataDrivenClass" tests="1" failures="0" timestamp="5 Aug 2014 12:13:06 GMT" time="0.420" errors="0">
  <testcase name="firstMethod" time="0.420" classname="Persistent.GUI_automation.dataDrivenClass"/>
</testsuite> <!-- Persistent.GUI_automation.dataDrivenClass -->
