<?xml version="1.0" encoding="UTF-8"?>
<!-- Generated by org.testng.reporters.JUnitReportReporter -->
<testsuite hostname="user-PC" name="Persistent.GUI_automation.GetFromObjectRepo" tests="1" failures="0" timestamp="4 Aug 2014 11:46:42 GMT" time="4.847" errors="0">
  <testcase name="first" time="4.847" classname="Persistent.GUI_automation.GetFromObjectRepo"/>
</testsuite> <!-- Persistent.GUI_automation.GetFromObjectRepo -->
