<?xml version="1.0" encoding="UTF-8"?>
<!-- Generated by org.testng.reporters.JUnitReportReporter -->
<testsuite hostname="user-PC" name="Persistent.GUI_automation.testngClass" tests="1" failures="0" timestamp="5 Aug 2014 09:12:10 GMT" time="0.006" errors="0">
  <testcase name="f" time="0.006" classname="Persistent.GUI_automation.testngClass"/>
</testsuite> <!-- Persistent.GUI_automation.testngClass -->
