<?xml version="1.0" encoding="UTF-8"?>
<!-- Generated by org.testng.reporters.JUnitReportReporter -->
<testsuite hostname="user-PC" name="Persistent.GUI_automation.Config_Class" tests="1" failures="0" timestamp="6 Aug 2014 10:11:57 GMT" time="22.678" errors="0">
  <testcase name="first" time="22.678" classname="Persistent.GUI_automation.Config_Class"/>
</testsuite> <!-- Persistent.GUI_automation.Config_Class -->
