<?xml version="1.0" encoding="UTF-8"?>
<!-- Generated by org.testng.reporters.JUnitReportReporter -->
<testsuite hostname="user-PC" name="Persistent.GUI_automation.NewTest" tests="1" failures="0" timestamp="4 Aug 2014 16:30:05 GMT" time="3.443" errors="0">
  <testcase name="firstTest" time="3.443" classname="Persistent.GUI_automation.NewTest"/>
</testsuite> <!-- Persistent.GUI_automation.NewTest -->
