<?xml version="1.0" encoding="UTF-8"?>
<!-- Generated by org.testng.reporters.JUnitReportReporter -->
<testsuite hostname="user-PC" name="Persistent.GUI_automation.SecondTestngClass" tests="2" failures="0" timestamp="5 Aug 2014 09:55:44 GMT" time="0.012" errors="0">
  <testcase name="secondMethod" time="0.001" classname="Persistent.GUI_automation.SecondTestngClass"/>
  <testcase name="secondMethod" time="0.011" classname="Persistent.GUI_automation.SecondTestngClass"/>
</testsuite> <!-- Persistent.GUI_automation.SecondTestngClass -->
